<?xml version="1.0" encoding="UTF-8"?>
<testsuites name="testTunnel_testSuite2" time="192.678" tests="1" failures="0" errors="0">
   <testsuite name="testTunnel_testSuite2" tests="1" failures="0" errors="0" time="192.678" skipped="0" timestamp="2023-07-26 16:57:02" hostname="satyasai.samoju - INBL01LAP31245.brd.g-c-i.com" id="Test Suites/testTunnel_testSuite2">
      <properties>
[...]
</properties>
      <testcase name="Test Cases/TestTunnel2" time="192.457" classname="Test Cases/TestTunnel2" status="PASSED">
         <system-out><![CDATA[2023-07-26 16:57:02 - [TEST_CASE][PASSED] - Test Cases/TestTunnel2: Test Cases/TestTunnel2

2023-07-26 16:57:03 - [TEST_STEP][PASSED] - openBrowser(""): Browser is opened with url: ''

2023-07-26 16:57:03 - [MESSAGE][INFO] - User set preference: ['os', 'windows']

2023-07-26 16:57:03 - [MESSAGE][INFO] - User set preference: ['browserName', 'chrome']

2023-07-26 16:57:03 - [MESSAGE][INFO] - User set preference: ['browserVersion', '114']

2023-07-26 16:57:03 - [MESSAGE][INFO] - User set preference: ['katalon:option', '{organizationId=1221318, tunnelId=, usingTunnel=false}']

2023-07-26 16:57:03 - [MESSAGE][INFO] - Connecting to remote web server 'testcloud.katalon.com/hub' with type 'Selenium'

2023-07-26 16:57:04 - [MESSAGE][INFO] - Action delay is set to 0 milliseconds

2023-07-26 16:58:47 - [MESSAGE][PASSED] - Browser is opened with url: ''

2023-07-26 16:58:47 - [TEST_STEP][PASSED] - maximizeWindow(): Current window maximized

2023-07-26 16:59:32 - [MESSAGE][PASSED] - Current window maximized

2023-07-26 16:59:32 - [TEST_STEP][PASSED] - navigateToUrl("https://www.youtube.com/"): Navigate to 'https://www.youtube.com/' successfully

2023-07-26 16:59:36 - [MESSAGE][PASSED] - Navigate to 'https://www.youtube.com/' successfully

2023-07-26 16:59:36 - [TEST_STEP][PASSED] - delay(3): Delayed 3 second(s)

2023-07-26 16:59:39 - [MESSAGE][PASSED] - Delayed 3 second(s)

2023-07-26 16:59:39 - [TEST_STEP][PASSED] - closeBrowser(): Browser is closed

2023-07-26 17:00:15 - [MESSAGE][PASSED] - Browser is closed]]></system-out>
         <system-err><![CDATA[]]></system-err>
      </testcase>
      <system-out><![CDATA[2023-07-26 16:57:02 - [TEST_SUITE][PASSED] - testTunnel_testSuite2: Test Cases/TestTunnel2]]></system-out>
      <system-err><![CDATA[]]></system-err>
   </testsuite>
</testsuites>
